2024-08-20 05:08:28,399 - custom_email_platform - ERROR - Failed to check domain softdevin.com. Status code: 403
2024-08-20 05:08:28,400 - custom_email_platform - ERROR - Error checking domain softdevin.com: 400: Failed to check domain
2024-08-20 05:08:42,489 - custom_email_platform - ERROR - Failed to check domain higdevs.com. Status code: 403
2024-08-20 05:08:42,489 - custom_email_platform - ERROR - Error checking domain higdevs.com: 400: Failed to check domain
2024-08-21 03:28:14,683 - custom_email_platform - ERROR - Failed to check domain highdevs.com. Status code: 403
2024-08-21 03:28:14,684 - custom_email_platform - ERROR - Error checking domain highdevs.com: 400: Failed to check domain
2024-08-21 03:28:37,899 - custom_email_platform - ERROR - Failed to check domain highdevs.com. Status code: 403
2024-08-21 03:28:37,899 - custom_email_platform - ERROR - Error checking domain highdevs.com: 400: Failed to check domain
2024-08-21 03:31:12,227 - custom_email_platform - ERROR - Error checking domain highdevs.com: 500: Failed to fetch Entri token
2024-08-21 03:31:56,941 - custom_email_platform - INFO - Entri token response: 403, { "message": "" }
2024-08-21 03:31:56,941 - custom_email_platform - ERROR - Error checking domain highdevs.com: 500: Failed to fetch Entri token
2024-08-21 03:40:15,197 - custom_email_platform - INFO - Entri token response: 200, {"auth_token": "eyJ0eXAiOiJKV1QiLCJhbGciOiJIUzI1NiJ9.eyJleHAiOjE3MjQxOTcyMTUsImlhdCI6MTcyNDE5MzYxNSwiYXBwbGljYXRpb25JZCI6InNpdGVzZ3B0IiwiZnJlZURvbWFpbiI6Im5hIiwiZG5zUmVjb3JkcyI6W10sImRvbWFpbiI6bnVsbH0.BXipf2jQ-zlgONB1jGAh4lVOI5YkHsGxBNm6c8HWlPQ"}
2024-08-21 03:40:15,198 - custom_email_platform - INFO - Fetched Entri token: eyJ0eXAiOi...
2024-08-21 03:40:15,198 - custom_email_platform - INFO - Making request to Entri API: URL=https://api.goentri.com/token/checkDomain, Headers={'Authorization': 'Bearer eyJ0eXAiOiJKV1QiLCJhbGciOiJIUzI1NiJ9.eyJleHAiOjE3MjQxOTcyMTUsImlhdCI6MTcyNDE5MzYxNSwiYXBwbGljYXRpb25JZCI6InNpdGVzZ3B0IiwiZnJlZURvbWFpbiI6Im5hIiwiZG5zUmVjb3JkcyI6W10sImRvbWFpbiI6bnVsbH0.BXipf2jQ-zlgONB1jGAh4lVOI5YkHsGxBNm6c8HWlPQ', 'Content-Type': 'application/json'}, Params={domain: highdevs.com}
2024-08-21 03:40:16,134 - custom_email_platform - INFO - Entri API response: Status=403, Content={ "message": "" }
2024-08-21 03:40:16,134 - custom_email_platform - ERROR - Error checking domain highdevs.com: 403: Failed to check domain: { "message": "" }
2024-08-21 03:41:24,546 - custom_email_platform - INFO - Entri token response: 200, {"auth_token": "eyJ0eXAiOiJKV1QiLCJhbGciOiJIUzI1NiJ9.eyJleHAiOjE3MjQxOTcyODQsImlhdCI6MTcyNDE5MzY4NCwiYXBwbGljYXRpb25JZCI6InNpdGVzZ3B0IiwiZnJlZURvbWFpbiI6Im5hIiwiZG5zUmVjb3JkcyI6W10sImRvbWFpbiI6bnVsbH0.DIBVhAXdiCGZXEbkxco3MMUi5lSrw6PjbIzwCud_KGs"}
2024-08-21 03:41:24,547 - custom_email_platform - INFO - Fetched Entri token: eyJ0eXAiOi...
2024-08-21 03:41:24,547 - custom_email_platform - INFO - Making request to Entri API: URL=https://api.goentri.com/checkdomain, Headers={'Authorization': 'Bearer eyJ0eXAiOiJKV1QiLCJhbGciOiJIUzI1NiJ9.eyJleHAiOjE3MjQxOTcyODQsImlhdCI6MTcyNDE5MzY4NCwiYXBwbGljYXRpb25JZCI6InNpdGVzZ3B0IiwiZnJlZURvbWFpbiI6Im5hIiwiZG5zUmVjb3JkcyI6W10sImRvbWFpbiI6bnVsbH0.DIBVhAXdiCGZXEbkxco3MMUi5lSrw6PjbIzwCud_KGs', 'Content-Type': 'application/json'}, Params={domain: highdevs.com}
2024-08-21 03:41:25,406 - custom_email_platform - INFO - Entri API response: Status=403, Content={ "message": "" }
2024-08-21 03:41:25,407 - custom_email_platform - ERROR - Error checking domain highdevs.com: 403: Failed to check domain: { "message": "" }
2024-08-21 03:45:02,035 - custom_email_platform - INFO - Entri token response: 200, {"auth_token": "eyJ0eXAiOiJKV1QiLCJhbGciOiJIUzI1NiJ9.eyJleHAiOjE3MjQxOTc1MDIsImlhdCI6MTcyNDE5MzkwMiwiYXBwbGljYXRpb25JZCI6InNpdGVzZ3B0IiwiZnJlZURvbWFpbiI6Im5hIiwiZG5zUmVjb3JkcyI6W10sImRvbWFpbiI6bnVsbH0.iOkd8Xr2davGk9BOmM021_GcIaLwUhrn7POmNkjEEi8"}
2024-08-21 03:45:02,036 - custom_email_platform - INFO - Fetched Entri token: eyJ0eXAiOi...
2024-08-21 03:45:02,036 - custom_email_platform - INFO - Making request to Entri API: URL=https://api.goentri.com/checkdomain, Headers={'Authorization': 'eyJ0eXAiOiJKV1QiLCJhbGciOiJIUzI1NiJ9.eyJleHAiOjE3MjQxOTc1MDIsImlhdCI6MTcyNDE5MzkwMiwiYXBwbGljYXRpb25JZCI6InNpdGVzZ3B0IiwiZnJlZURvbWFpbiI6Im5hIiwiZG5zUmVjb3JkcyI6W10sImRvbWFpbiI6bnVsbH0.iOkd8Xr2davGk9BOmM021_GcIaLwUhrn7POmNkjEEi8', 'applicationId': 'sitesgpt'}, Params={domain: highdevs.com}
2024-08-21 03:45:03,331 - custom_email_platform - INFO - Entri API response: Status=403, Content={ "message": "" }
2024-08-21 03:45:03,331 - custom_email_platform - ERROR - Error checking domain highdevs.com: 403: Failed to check domain: { "message": "" }
2024-08-21 03:49:27,475 - custom_email_platform - INFO - Entri token response: 200, {"auth_token": "eyJ0eXAiOiJKV1QiLCJhbGciOiJIUzI1NiJ9.eyJleHAiOjE3MjQxOTc3NjcsImlhdCI6MTcyNDE5NDE2NywiYXBwbGljYXRpb25JZCI6InNpdGVzZ3B0IiwiZnJlZURvbWFpbiI6Im5hIiwiZG5zUmVjb3JkcyI6W10sImRvbWFpbiI6bnVsbH0.OBS5oP7xLHVJN_OArbVbdkIezR_0c43uH8JtSTgTQVU"}
2024-08-21 03:49:27,475 - custom_email_platform - INFO - Fetched Entri token: eyJ0eXAiOi...
2024-08-21 03:49:27,475 - custom_email_platform - INFO - Making request to Entri API: URL=https://api.goentri.com/checkdomain, Headers={'Authorization': 'eyJ0eXAiOiJKV1QiLCJhbGciOiJIUzI1NiJ9.eyJleHAiOjE3MjQxOTc3NjcsImlhdCI6MTcyNDE5NDE2NywiYXBwbGljYXRpb25JZCI6InNpdGVzZ3B0IiwiZnJlZURvbWFpbiI6Im5hIiwiZG5zUmVjb3JkcyI6W10sImRvbWFpbiI6bnVsbH0.OBS5oP7xLHVJN_OArbVbdkIezR_0c43uH8JtSTgTQVU', 'applicationId': 'sitesgpt'}, Params={domain: highdevs.com}
2024-08-21 03:49:28,367 - custom_email_platform - INFO - Entri API response: Status=403, Content={ "message": "" }
2024-08-21 03:49:28,368 - custom_email_platform - ERROR - Error checking domain highdevs.com: 403: Failed to check domain: { "message": "" }
2024-08-24 00:46:12,383 - custom_email_platform - INFO - Entri token response: 200, {"auth_token": "eyJ0eXAiOiJKV1QiLCJhbGciOiJIUzI1NiJ9.eyJleHAiOjE3MjQ0NDU5NzIsImlhdCI6MTcyNDQ0MjM3MiwiYXBwbGljYXRpb25JZCI6InNpdGVzZ3B0IiwiZnJlZURvbWFpbiI6Im5hIiwiZG5zUmVjb3JkcyI6W10sImRvbWFpbiI6bnVsbH0.4WGSRZoeDWJamqcV3alLRs74suhJjFILPYs2wFAfzJQ"}
2024-08-24 00:46:12,384 - custom_email_platform - INFO - Fetched Entri token: eyJ0eXAiOi...
2024-08-24 00:46:12,385 - custom_email_platform - INFO - Making request to Entri API: URL=https://api.goentri.com/checkdomain, Headers={'Authorization': 'eyJ0eXAiOiJKV1QiLCJhbGciOiJIUzI1NiJ9.eyJleHAiOjE3MjQ0NDU5NzIsImlhdCI6MTcyNDQ0MjM3MiwiYXBwbGljYXRpb25JZCI6InNpdGVzZ3B0IiwiZnJlZURvbWFpbiI6Im5hIiwiZG5zUmVjb3JkcyI6W10sImRvbWFpbiI6bnVsbH0.4WGSRZoeDWJamqcV3alLRs74suhJjFILPYs2wFAfzJQ', 'applicationId': 'sitesgpt'}, Params={domain: highdevs.com}
2024-08-24 00:46:13,225 - custom_email_platform - INFO - Entri API response: Status=403, Content={ "message": "" }
2024-08-24 00:46:13,225 - custom_email_platform - ERROR - Error checking domain highdevs.com: 403: Failed to check domain: { "message": "" }
2024-08-24 00:48:27,234 - custom_email_platform - INFO - Entri token response: 200, {"auth_token": "eyJ0eXAiOiJKV1QiLCJhbGciOiJIUzI1NiJ9.eyJleHAiOjE3MjQ0NDYxMDcsImlhdCI6MTcyNDQ0MjUwNywiYXBwbGljYXRpb25JZCI6InNpdGVzZ3B0IiwiZnJlZURvbWFpbiI6Im5hIiwiZG5zUmVjb3JkcyI6W10sImRvbWFpbiI6bnVsbH0.UDL1VnT1-DUT7zqhP3vYD1nsU-wgkM794OH_zSucYko"}
2024-08-24 00:48:27,236 - custom_email_platform - INFO - Fetched Entri token: eyJ0eXAiOi...
2024-08-24 00:48:27,236 - custom_email_platform - INFO - Making request to Entri API: URL=https://api.goentri.com/checkdomain, Headers={'Authorization': 'eyJ0eXAiOiJKV1QiLCJhbGciOiJIUzI1NiJ9.eyJleHAiOjE3MjQ0NDYxMDcsImlhdCI6MTcyNDQ0MjUwNywiYXBwbGljYXRpb25JZCI6InNpdGVzZ3B0IiwiZnJlZURvbWFpbiI6Im5hIiwiZG5zUmVjb3JkcyI6W10sImRvbWFpbiI6bnVsbH0.UDL1VnT1-DUT7zqhP3vYD1nsU-wgkM794OH_zSucYko', 'applicationId': 'sitesgpt', 'Content-Type': 'application/json'}, Params={domain: highdevs.com}
2024-08-24 00:48:28,192 - custom_email_platform - INFO - Entri API response: Status=403, Content={ "message": "" }
2024-08-24 00:48:28,192 - custom_email_platform - ERROR - Error checking domain highdevs.com: 403: Failed to check domain: { "message": "" }
2024-08-24 22:26:59,971 - app.core.config - INFO - This is an informational message.
2024-08-24 22:27:59,160 - app.core.config - INFO - This is an informational message.
2024-08-25 11:20:04,095 - custom_email_platform - INFO - Entri token response: 200, {"auth_token": "eyJ0eXAiOiJKV1QiLCJhbGciOiJIUzI1NiJ9.eyJleHAiOjE3MjQ1NzA0MDQsImlhdCI6MTcyNDU2NjgwNCwiYXBwbGljYXRpb25JZCI6InNpdGVzZ3B0IiwiZnJlZURvbWFpbiI6Im5hIiwiZG5zUmVjb3JkcyI6W10sImRvbWFpbiI6bnVsbH0.P59iRBSR1_1GJY0563CPXg0XVKXDg3oSuW7LIKfGD7o"}
2024-08-25 11:20:04,098 - custom_email_platform - INFO - Fetched Entri token: eyJ0eXAiOi...
2024-08-25 11:20:04,098 - custom_email_platform - INFO - Making request to Entri API: URL=https://api.goentri.com/checkdomain, Headers={'Authorization': 'eyJ0eXAiOiJKV1QiLCJhbGciOiJIUzI1NiJ9.eyJleHAiOjE3MjQ1NzA0MDQsImlhdCI6MTcyNDU2NjgwNCwiYXBwbGljYXRpb25JZCI6InNpdGVzZ3B0IiwiZnJlZURvbWFpbiI6Im5hIiwiZG5zUmVjb3JkcyI6W10sImRvbWFpbiI6bnVsbH0.P59iRBSR1_1GJY0563CPXg0XVKXDg3oSuW7LIKfGD7o', 'applicationId': 'sitesgpt', 'Content-Type': 'application/json'}, Params={domain: highdevs.com}
2024-08-25 11:20:04,964 - custom_email_platform - INFO - Entri API response: Status=403, Content={ "message": "" }
2024-08-25 11:20:04,964 - custom_email_platform - ERROR - Error checking domain highdevs.com: 403: Failed to check domain: { "message": "" }
2024-08-25 11:22:17,706 - custom_email_platform - INFO - Entri token response: 200, {"auth_token": "eyJ0eXAiOiJKV1QiLCJhbGciOiJIUzI1NiJ9.eyJleHAiOjE3MjQ1NzA1MzcsImlhdCI6MTcyNDU2NjkzNywiYXBwbGljYXRpb25JZCI6InNpdGVzZ3B0IiwiZnJlZURvbWFpbiI6Im5hIiwiZG5zUmVjb3JkcyI6W10sImRvbWFpbiI6bnVsbH0.n95AkfbYBAgk845omE7Wi6S6LPWdRx7Z3ZrKNcBqfoY"}
2024-08-25 11:22:17,708 - custom_email_platform - INFO - Fetched Entri token: eyJ0eXAiOi...
2024-08-25 11:22:17,708 - custom_email_platform - INFO - Making request to Entri API: URL=https://api.goentri.com/checkdomain, Headers={'Authorization': 'eyJ0eXAiOiJKV1QiLCJhbGciOiJIUzI1NiJ9.eyJleHAiOjE3MjQ1NzA1MzcsImlhdCI6MTcyNDU2NjkzNywiYXBwbGljYXRpb25JZCI6InNpdGVzZ3B0IiwiZnJlZURvbWFpbiI6Im5hIiwiZG5zUmVjb3JkcyI6W10sImRvbWFpbiI6bnVsbH0.n95AkfbYBAgk845omE7Wi6S6LPWdRx7Z3ZrKNcBqfoY', 'applicationId': 'sitesgpt', 'Content-Type': 'application/json'}, Params={domain: highdevs.com}
2024-08-25 11:22:18,808 - custom_email_platform - INFO - Entri API response: Status=403, Content={ "message": "" }
2024-08-25 11:22:18,808 - custom_email_platform - ERROR - Error checking domain highdevs.com: 403: Failed to check domain: { "message": "" }
2024-08-25 11:25:42,730 - custom_email_platform - INFO - Entri token response: 200, {"auth_token": "eyJ0eXAiOiJKV1QiLCJhbGciOiJIUzI1NiJ9.eyJleHAiOjE3MjQ1NzA3NDIsImlhdCI6MTcyNDU2NzE0MiwiYXBwbGljYXRpb25JZCI6InNpdGVzZ3B0IiwiZnJlZURvbWFpbiI6Im5hIiwiZG5zUmVjb3JkcyI6W10sImRvbWFpbiI6bnVsbH0.Ek2GHQvn48ZZ9E8X4rOwxHrkC3hOqP8uxDm3LBy2kgM"}
2024-08-25 11:25:42,732 - custom_email_platform - INFO - Fetched Entri token: eyJ0eXAiOi...
2024-08-25 11:25:42,733 - custom_email_platform - INFO - Making request to Entri API: URL=https://api.goentri.com/checkdomain, Headers={'Authorization': 'eyJ0eXAiOiJKV1QiLCJhbGciOiJIUzI1NiJ9.eyJleHAiOjE3MjQ1NzA3NDIsImlhdCI6MTcyNDU2NzE0MiwiYXBwbGljYXRpb25JZCI6InNpdGVzZ3B0IiwiZnJlZURvbWFpbiI6Im5hIiwiZG5zUmVjb3JkcyI6W10sImRvbWFpbiI6bnVsbH0.Ek2GHQvn48ZZ9E8X4rOwxHrkC3hOqP8uxDm3LBy2kgM', 'applicationId': 'sitesgpt', 'Content-Type': 'application/json'}, Params={domain: highdevs.com}
2024-08-25 11:25:43,606 - custom_email_platform - INFO - Entri API response: Status=403, Content={ "message": "" }
2024-08-25 11:25:43,606 - custom_email_platform - ERROR - Error checking domain highdevs.com: 403: Failed to check domain: { "message": "" }
